<?xml version="1.0" encoding="UTF-8"?>
<!-- Generated by org.testng.reporters.JUnitXMLReporter -->
<testsuite ignored="4" hostname="latitude" failures="0" tests="2" name="Default test" time="25.424" errors="0" timestamp="2025-01-03T19:16:58 EET">
  <testcase classname="outomation_test.demo_test" name="new_windo" time="12.929"/>
  <testcase classname="outomation_test.demo_test" name="alert" time="0.307"/>
  <testcase classname="outomation_test.demo_test" name="Dynamic_Dropdown_Example" time="0.0">
    <ignored/>
  </testcase> <!-- Dynamic_Dropdown_Example -->
  <testcase classname="outomation_test.demo_test" name="cheekbox" time="0.0">
    <ignored/>
  </testcase> <!-- cheekbox -->
  <testcase classname="outomation_test.demo_test" name="Static_Dropdown_Example" time="0.0">
    <ignored/>
  </testcase> <!-- Static_Dropdown_Example -->
  <testcase classname="outomation_test.demo_test" name="raiduo_test" time="0.0">
    <ignored/>
  </testcase> <!-- raiduo_test -->
</testsuite> <!-- Default test -->
