<?xml version="1.0" encoding="UTF-8"?>
<testng-results ignored="0" total="2" passed="2" failed="0" skipped="0">
  <reporter-output>
  </reporter-output>
  <suite started-at="2025-01-03T19:16:32 EET" name="Default suite" finished-at="2025-01-03T19:16:58 EET" duration-ms="25424">
    <groups>
    </groups>
    <test started-at="2025-01-03T19:16:32 EET" name="Default test" finished-at="2025-01-03T19:16:58 EET" duration-ms="25424">
      <class name="outomation_test.demo_test">
        <test-method is-config="true" signature="go_websiet()[pri:0, instance:outomation_test.demo_test@7a7471ce]" started-at="2025-01-03T19:16:32 EET" name="go_websiet" finished-at="2025-01-03T19:16:44 EET" duration-ms="12120" status="PASS">
          <reporter-output>
          </reporter-output>
        </test-method> <!-- go_websiet -->
        <test-method signature="new_windo()[pri:1, instance:outomation_test.demo_test@7a7471ce]" started-at="2025-01-03T19:16:44 EET" name="new_windo" finished-at="2025-01-03T19:16:57 EET" duration-ms="12929" status="PASS">
          <reporter-output>
          </reporter-output>
        </test-method> <!-- new_windo -->
        <test-method signature="alert()[pri:2, instance:outomation_test.demo_test@7a7471ce]" started-at="2025-01-03T19:16:57 EET" name="alert" description="alert" finished-at="2025-01-03T19:16:58 EET" duration-ms="307" status="PASS">
          <reporter-output>
          </reporter-output>
        </test-method> <!-- alert -->
        <test-method is-config="true" signature="then_test()[pri:0, instance:outomation_test.demo_test@7a7471ce]" started-at="2025-01-03T19:16:58 EET" name="then_test" finished-at="2025-01-03T19:16:58 EET" duration-ms="1" status="PASS">
          <reporter-output>
          </reporter-output>
        </test-method> <!-- then_test -->
      </class> <!-- outomation_test.demo_test -->
    </test> <!-- Default test -->
  </suite> <!-- Default suite -->
</testng-results>
